TN:
SF:/Users/lelana/ybs/vue-board/src/components/Create.vue
FN:16,data
FN:24,create
FNF:2
FNH:0
FNDA:0,data
FNDA:0,create
DA:12,0
DA:17,0
DA:25,0
DA:30,0
LF:4
LH:0
BRF:0
BRH:0
end_of_record
TN:
SF:/Users/lelana/ybs/vue-board/src/components/Detail.vue
FN:15,data
FN:21,update
FN:27,deleteData
FNF:3
FNH:0
FNDA:0,data
FNDA:0,update
FNDA:0,deleteData
DA:11,0
DA:16,0
DA:22,0
DA:28,0
DA:29,0
LF:5
LH:0
BRF:0
BRH:0
end_of_record
TN:
SF:/Users/lelana/ybs/vue-board/src/components/Read.vue
FN:23,data
FN:29,write
FN:34,detail
FNF:3
FNH:0
FNDA:0,data
FNDA:0,write
FNDA:0,detail
DA:19,0
DA:24,0
DA:30,0
DA:35,0
LF:4
LH:0
BRF:0
BRH:0
end_of_record
TN:
SF:/Users/lelana/ybs/vue-board/src/components/Update.vue
FN:15,data
FN:23,update
FNF:2
FNH:0
FNDA:0,data
FNDA:0,update
DA:12,0
DA:16,0
DA:24,0
DA:25,0
DA:26,0
DA:27,0
DA:28,0
LF:7
LH:0
BRF:0
BRH:0
end_of_record
TN:
SF:/Users/lelana/ybs/vue-board/src/data/index.js
FNF:0
FNH:0
DA:1,0
LF:1
LH:0
BRF:0
BRH:0
end_of_record
